[ 2018-02-15T08:24:07+08:00 ] ::1 /copyjd/
INFO: [ app_init ] --START--
INFO: Run Behavior\BuildLiteBehavior [ RunTime:0.000007s ]
INFO: [ app_init ] --END-- [ RunTime:0.000425s ]
NOTIC: [8] Constant MODULE_NAME already defined /Users/brady/Sites/copyjd/ThinkPHP/Library/Think/Dispatcher.class.php 第 140 行.
INFO: [ app_begin ] --START--
INFO: Run Behavior\ReadHtmlCacheBehavior [ RunTime:0.000478s ]
INFO: [ app_begin ] --END-- [ RunTime:0.000495s ]
SQL: SHOW COLUMNS FROM `advert` [ RunTime:0.0004s ]
SQL: SELECT * FROM `advert` WHERE ( position=0 ) LIMIT 1   [ RunTime:0.0002s ]
SQL: SELECT * FROM `advert` WHERE ( position=1 ) LIMIT 1   [ RunTime:0.0001s ]
SQL: SHOW COLUMNS FROM `item` [ RunTime:0.0003s ]
SQL: SELECT * FROM `item` WHERE ( brand_id = 5 and is_shelf = 1 )  [ RunTime:0.0002s ]
SQL: SELECT * FROM `item` WHERE ( brand_id = 1 and is_shelf = 1 )  [ RunTime:0.0002s ]
SQL: select item.*,classname from item,brand,class where item.brand_id = brand.id and brand.class_id = class.id and class.id = 6 and is_shelf = 1 [ RunTime:0.0003s ]
SQL: select item.*,classname from item,brand,class where item.brand_id = brand.id and brand.class_id = class.id and class.id = 7 and is_shelf = 1 [ RunTime:0.0002s ]
SQL: select item.*,classname from item,brand,class where item.brand_id = brand.id and brand.class_id = class.id and class.id = 10 and is_shelf = 1 [ RunTime:0.0002s ]
SQL: select item.*,classname from item,brand,class where item.brand_id = brand.id and brand.class_id = class.id and class.id = 11 and is_shelf = 1 [ RunTime:0.0004s ]
SQL: select item.*,classname from item,brand,class where item.brand_id = brand.id and brand.class_id = class.id and class.id = 12 and is_shelf = 1 [ RunTime:0.0004s ]
SQL: select item.*,classname from item,brand,class where item.brand_id = brand.id and brand.class_id = class.id and class.id = 13 and is_shelf = 1 [ RunTime:0.0003s ]
INFO: [ view_parse ] --START--
INFO: [ template_filter ] --START--
INFO: Run Behavior\ContentReplaceBehavior [ RunTime:0.000278s ]
INFO: [ template_filter ] --END-- [ RunTime:0.000308s ]
INFO: Run Behavior\ParseTemplateBehavior [ RunTime:0.013073s ]
INFO: [ view_parse ] --END-- [ RunTime:0.013105s ]
INFO: [ view_filter ] --START--
INFO: Run Behavior\WriteHtmlCacheBehavior [ RunTime:0.000357s ]
INFO: [ view_filter ] --END-- [ RunTime:0.000372s ]
INFO: [ app_end ] --START--
INFO: Run Behavior\ShowPageTraceBehavior [ RunTime:0.000652s ]
INFO: [ app_end ] --END-- [ RunTime:0.000674s ]

